2022-10-31 09:12:22 Error: [MissingViewException] View file "Bookmarks/index.ctp" is missing.
Exception Attributes: array (
  'file' => 'Bookmarks/index.ctp',
)
Request URL: /index.php/bookmarks/index
Stack Trace:
#0 /var/www/html/lib/Cake/View/View.php(470): View->_getViewFileName('Bookmarks/index')
#1 /var/www/html/lib/Cake/Controller/Controller.php(968): View->render(NULL, NULL)
#2 /var/www/html/lib/Cake/Routing/Dispatcher.php(200): Controller->render()
#3 /var/www/html/lib/Cake/Routing/Dispatcher.php(167): Dispatcher->_invoke(Object(BookmarksController), Object(CakeRequest))
#4 /var/www/html/app/webroot/index.php(117): Dispatcher->dispatch(Object(CakeRequest), Object(CakeResponse))
#5 /var/www/html/index.php(41): require('/var/www/html/a...')
#6 {main}
2022-10-31 09:12:44 Error: [MissingControllerException] Controller class BookmarksController could not be found.
Exception Attributes: array (
  'class' => 'BookmarksController',
  'plugin' => NULL,
)
Request URL: /index.php/bookmarks/index
Stack Trace:
#0 /var/www/html/app/webroot/index.php(117): Dispatcher->dispatch(Object(CakeRequest), Object(CakeResponse))
#1 /var/www/html/index.php(41): require('/var/www/html/a...')
#2 {main}
2022-10-31 09:13:01 Error: [MissingViewException] View file "Bookmarks/index.ctp" is missing.
Exception Attributes: array (
  'file' => 'Bookmarks/index.ctp',
)
Request URL: /index.php/bookmarks/index
Stack Trace:
#0 /var/www/html/lib/Cake/View/View.php(470): View->_getViewFileName('Bookmarks/index')
#1 /var/www/html/lib/Cake/Controller/Controller.php(968): View->render(NULL, NULL)
#2 /var/www/html/lib/Cake/Routing/Dispatcher.php(200): Controller->render()
#3 /var/www/html/lib/Cake/Routing/Dispatcher.php(167): Dispatcher->_invoke(Object(BookmarksController), Object(CakeRequest))
#4 /var/www/html/app/webroot/index.php(117): Dispatcher->dispatch(Object(CakeRequest), Object(CakeResponse))
#5 /var/www/html/index.php(41): require('/var/www/html/a...')
#6 {main}
2022-10-31 10:37:01 Error: [Error] Call to a member function findall() on null
Request URL: /index.php/bookmarks
Stack Trace:
#0 [internal function]: BookmarksController->index()
#1 /var/www/html/lib/Cake/Controller/Controller.php(499): ReflectionMethod->invokeArgs(Object(BookmarksController), Array)
#2 /var/www/html/lib/Cake/Routing/Dispatcher.php(193): Controller->invokeAction(Object(CakeRequest))
#3 /var/www/html/lib/Cake/Routing/Dispatcher.php(167): Dispatcher->_invoke(Object(BookmarksController), Object(CakeRequest))
#4 /var/www/html/app/webroot/index.php(117): Dispatcher->dispatch(Object(CakeRequest), Object(CakeResponse))
#5 /var/www/html/index.php(41): require('/var/www/html/a...')
#6 {main}
2022-10-31 10:37:13 Error: [Error] Call to a member function find() on null
Request URL: /index.php/bookmarks
Stack Trace:
#0 [internal function]: BookmarksController->index()
#1 /var/www/html/lib/Cake/Controller/Controller.php(499): ReflectionMethod->invokeArgs(Object(BookmarksController), Array)
#2 /var/www/html/lib/Cake/Routing/Dispatcher.php(193): Controller->invokeAction(Object(CakeRequest))
#3 /var/www/html/lib/Cake/Routing/Dispatcher.php(167): Dispatcher->_invoke(Object(BookmarksController), Object(CakeRequest))
#4 /var/www/html/app/webroot/index.php(117): Dispatcher->dispatch(Object(CakeRequest), Object(CakeResponse))
#5 /var/www/html/index.php(41): require('/var/www/html/a...')
#6 {main}
2022-10-31 10:41:03 Error: [ParseError] syntax error, unexpected '' (T_ENCAPSED_AND_WHITESPACE), expecting '-' or identifier (T_STRING) or variable (T_VARIABLE) or number (T_NUM_STRING)
Request URL: /index.php/bookmarks
Stack Trace:
#0 /var/www/html/lib/Cake/View/View.php(933): View->_evaluate('/var/www/html/a...', Array)
#1 /var/www/html/lib/Cake/View/View.php(473): View->_render('/var/www/html/a...')
#2 /var/www/html/lib/Cake/Controller/Controller.php(968): View->render(NULL, NULL)
#3 /var/www/html/lib/Cake/Routing/Dispatcher.php(200): Controller->render()
#4 /var/www/html/lib/Cake/Routing/Dispatcher.php(167): Dispatcher->_invoke(Object(BookmarksController), Object(CakeRequest))
#5 /var/www/html/app/webroot/index.php(117): Dispatcher->dispatch(Object(CakeRequest), Object(CakeResponse))
#6 /var/www/html/index.php(41): require('/var/www/html/a...')
#7 {main}
2022-10-31 10:43:48 Error: [ParseError] syntax error, unexpected '' (T_ENCAPSED_AND_WHITESPACE), expecting '-' or identifier (T_STRING) or variable (T_VARIABLE) or number (T_NUM_STRING)
Request URL: /index.php/bookmarks
Stack Trace:
#0 /var/www/html/lib/Cake/View/View.php(933): View->_evaluate('/var/www/html/a...', Array)
#1 /var/www/html/lib/Cake/View/View.php(473): View->_render('/var/www/html/a...')
#2 /var/www/html/lib/Cake/Controller/Controller.php(968): View->render(NULL, NULL)
#3 /var/www/html/lib/Cake/Routing/Dispatcher.php(200): Controller->render()
#4 /var/www/html/lib/Cake/Routing/Dispatcher.php(167): Dispatcher->_invoke(Object(BookmarksController), Object(CakeRequest))
#5 /var/www/html/app/webroot/index.php(117): Dispatcher->dispatch(Object(CakeRequest), Object(CakeResponse))
#6 /var/www/html/index.php(41): require('/var/www/html/a...')
#7 {main}
2022-10-31 11:49:19 Error: [PDOException] SQLSTATE[HY000]: General error: 1 near "get": syntax error
Request URL: /index.php/bookmarks/edit/1
Stack Trace:
#0 /var/www/html/lib/Cake/Model/Datasource/DboSource.php(500): PDO->prepare('get', Array)
#1 /var/www/html/lib/Cake/Model/Datasource/DboSource.php(468): DboSource->_execute('get', Array)
#2 /var/www/html/lib/Cake/Model/Datasource/DboSource.php(715): DboSource->execute('get', Array, Array)
#3 /var/www/html/lib/Cake/Model/Datasource/DboSource.php(648): DboSource->fetchAll('get', Array, Array)
#4 /var/www/html/lib/Cake/Model/Model.php(834): DboSource->query('get', Array, Object(AppModel))
#5 /var/www/html/app/Controller/BookmarksController.php(21): Model->__call('get', Array)
#6 [internal function]: BookmarksController->edit('1')
#7 /var/www/html/lib/Cake/Controller/Controller.php(499): ReflectionMethod->invokeArgs(Object(BookmarksController), Array)
#8 /var/www/html/lib/Cake/Routing/Dispatcher.php(193): Controller->invokeAction(Object(CakeRequest))
#9 /var/www/html/lib/Cake/Routing/Dispatcher.php(167): Dispatcher->_invoke(Object(BookmarksController), Object(CakeRequest))
#10 /var/www/html/app/webroot/index.php(117): Dispatcher->dispatch(Object(CakeRequest), Object(CakeResponse))
#11 /var/www/html/index.php(41): require('/var/www/html/a...')
#12 {main}
2022-10-31 20:59:26 Error: [Error] Call to a member function find() on null
Request URL: /index.php/bookmarks
Stack Trace:
#0 [internal function]: BookmarksController->index()
#1 /var/www/html/lib/Cake/Controller/Controller.php(499): ReflectionMethod->invokeArgs(Object(BookmarksController), Array)
#2 /var/www/html/lib/Cake/Routing/Dispatcher.php(193): Controller->invokeAction(Object(CakeRequest))
#3 /var/www/html/lib/Cake/Routing/Dispatcher.php(167): Dispatcher->_invoke(Object(BookmarksController), Object(CakeRequest))
#4 /var/www/html/app/webroot/index.php(117): Dispatcher->dispatch(Object(CakeRequest), Object(CakeResponse))
#5 /var/www/html/index.php(41): require('/var/www/html/a...')
#6 {main}
2022-10-31 21:35:39 Error: [MissingActionException] Action BookmarksController::display() could not be found.
Exception Attributes: array (
  'controller' => 'BookmarksController',
  'action' => 'display',
)
Request URL: /index.php/
Stack Trace:
#0 /var/www/html/lib/Cake/Routing/Dispatcher.php(193): Controller->invokeAction(Object(CakeRequest))
#1 /var/www/html/lib/Cake/Routing/Dispatcher.php(167): Dispatcher->_invoke(Object(BookmarksController), Object(CakeRequest))
#2 /var/www/html/app/webroot/index.php(117): Dispatcher->dispatch(Object(CakeRequest), Object(CakeResponse))
#3 /var/www/html/index.php(41): require('/var/www/html/a...')
#4 {main}
2022-10-31 21:35:42 Error: [MissingActionException] Action BookmarksController::display() could not be found.
Exception Attributes: array (
  'controller' => 'BookmarksController',
  'action' => 'display',
)
Request URL: /index.php/
Stack Trace:
#0 /var/www/html/lib/Cake/Routing/Dispatcher.php(193): Controller->invokeAction(Object(CakeRequest))
#1 /var/www/html/lib/Cake/Routing/Dispatcher.php(167): Dispatcher->_invoke(Object(BookmarksController), Object(CakeRequest))
#2 /var/www/html/app/webroot/index.php(117): Dispatcher->dispatch(Object(CakeRequest), Object(CakeResponse))
#3 /var/www/html/index.php(41): require('/var/www/html/a...')
#4 {main}
2022-10-31 21:36:20 Error: [MissingViewException] View file "Bookmarks/display.ctp" is missing.
Exception Attributes: array (
  'file' => 'Bookmarks/display.ctp',
)
Request URL: /index.php/
Stack Trace:
#0 /var/www/html/lib/Cake/View/View.php(470): View->_getViewFileName('Bookmarks/displ...')
#1 /var/www/html/lib/Cake/Controller/Controller.php(968): View->render(NULL, NULL)
#2 /var/www/html/lib/Cake/Routing/Dispatcher.php(200): Controller->render()
#3 /var/www/html/lib/Cake/Routing/Dispatcher.php(167): Dispatcher->_invoke(Object(BookmarksController), Object(CakeRequest))
#4 /var/www/html/app/webroot/index.php(117): Dispatcher->dispatch(Object(CakeRequest), Object(CakeResponse))
#5 /var/www/html/index.php(41): require('/var/www/html/a...')
#6 {main}
2022-11-01 20:26:26 Error: [MissingControllerException] Controller class Index.phpController could not be found.
Exception Attributes: array (
  'class' => 'Index.phpController',
  'plugin' => NULL,
)
Request URL: /index.php/index.php/bookmarks/add
Stack Trace:
#0 /var/www/html/app/webroot/index.php(117): Dispatcher->dispatch(Object(CakeRequest), Object(CakeResponse))
#1 /var/www/html/index.php(41): require('/var/www/html/a...')
#2 {main}
